<?xml version="1.0" encoding="UTF-8"?>
<!-- Generated by org.testng.reporters.JUnitReportReporter -->
<testsuite hostname="Selvi-VivoBook" name="scripts.TC001_Gmail_Login_Logout" tests="1" failures="0" timestamp="5 Nov 2019 10:52:06 GMT" time="32.673" errors="0">
  <testcase name="test_login" time="32.673" classname="scripts.TC001_Gmail_Login_Logout"/>
</testsuite> <!-- scripts.TC001_Gmail_Login_Logout -->
