<?xml version="1.0" encoding="UTF-8"?>
<!-- Generated by org.testng.reporters.JUnitReportReporter -->
<testsuite hostname="Selvi-VivoBook" name="scripts.TC003_Gmail_Login_Compose_SentTime_Logout" tests="1" failures="0" timestamp="5 Nov 2019 10:52:06 GMT" time="68.909" errors="0">
  <testcase name="test_login" time="68.909" classname="scripts.TC003_Gmail_Login_Compose_SentTime_Logout"/>
</testsuite> <!-- scripts.TC003_Gmail_Login_Compose_SentTime_Logout -->
