<?xml version="1.0" encoding="UTF-8"?>
<!-- Generated by org.testng.reporters.JUnitReportReporter -->
<testsuite hostname="Selvi-VivoBook" name="scripts.TC005_Gmail_Login_NoOfURL_Logout" tests="1" failures="0" timestamp="5 Nov 2019 10:52:06 GMT" time="45.958" errors="0">
  <testcase name="test_login" time="45.958" classname="scripts.TC005_Gmail_Login_NoOfURL_Logout"/>
</testsuite> <!-- scripts.TC005_Gmail_Login_NoOfURL_Logout -->
