<?xml version="1.0" encoding="UTF-8"?>
<!-- Generated by org.testng.reporters.JUnitReportReporter -->
<testsuite hostname="Selvi-VivoBook" name="scripts.TC002_Gmail_Login_Compose_Logout" tests="1" failures="0" timestamp="5 Nov 2019 10:52:06 GMT" time="71.150" errors="0">
  <testcase name="test_login" time="71.150" classname="scripts.TC002_Gmail_Login_Compose_Logout"/>
</testsuite> <!-- scripts.TC002_Gmail_Login_Compose_Logout -->
