<?xml version="1.0" encoding="UTF-8"?>
<!-- Generated by org.testng.reporters.JUnitReportReporter -->
<testsuite hostname="Selvi-VivoBook" name="scripts.TC004_Gmail_Login_DraftNum_Logout" tests="1" failures="0" timestamp="5 Nov 2019 10:52:06 GMT" time="33.793" errors="0">
  <testcase name="test_login" time="33.793" classname="scripts.TC004_Gmail_Login_DraftNum_Logout"/>
</testsuite> <!-- scripts.TC004_Gmail_Login_DraftNum_Logout -->
